<?xml version="1.0" encoding="UTF-8"?>
<testsuite xmlns:xsi="http://www.w3.org/2001/XMLSchema-instance" xsi:noNamespaceSchemaLocation="https://maven.apache.org/surefire/maven-surefire-plugin/xsd/surefire-test-report-3.0.xsd" version="3.0" name="com.javafest.aifarming.AifarmingApplicationTests" time="18.372" tests="1" errors="0" skipped="0" failures="0">
  <properties>
[...]
</properties>
  <testcase name="contextLoads" classname="com.javafest.aifarming.AifarmingApplicationTests" time="1.356">
    <system-out><![CDATA[20:37:27.174 [main] INFO org.springframework.test.context.support.AnnotationConfigContextLoaderUtils -- Could not detect default configuration classes for test class [com.javafest.aifarming.AifarmingApplicationTests]: AifarmingApplicationTests does not declare any static, non-private, non-final, nested classes annotated with @Configuration.
20:37:27.441 [main] INFO org.springframework.boot.test.context.SpringBootTestContextBootstrapper -- Found @SpringBootConfiguration com.javafest.aifarming.AifarmingApplication for test class com.javafest.aifarming.AifarmingApplicationTests

  .   ____          _            __ _ _
 /\\ / ___'_ __ _ _(_)_ __  __ _ \ \ \ \
( ( )\___ | '_ | '_| | '_ \/ _` | \ \ \ \
 \\/  ___)| |_)| | | | | || (_| |  ) ) ) )
  '  |____| .__|_| |_|_| |_\__, | / / / /
 =========|_|==============|___/=/_/_/_/
 :: Spring Boot ::                (v3.1.2)

2023-09-02T20:37:28.592+06:00  INFO 2676 --- [           main] c.j.aifarming.AifarmingApplicationTests  : Starting AifarmingApplicationTests using Java 17.0.7 with PID 2676 (started by nayem in C:\My_Projects\aifarming\Backend)
2023-09-02T20:37:28.600+06:00  INFO 2676 --- [           main] c.j.aifarming.AifarmingApplicationTests  : No active profile set, falling back to 1 default profile: "default"
2023-09-02T20:37:30.378+06:00  INFO 2676 --- [           main] .s.d.r.c.RepositoryConfigurationDelegate : Bootstrapping Spring Data JPA repositories in DEFAULT mode.
2023-09-02T20:37:30.635+06:00  INFO 2676 --- [           main] .s.d.r.c.RepositoryConfigurationDelegate : Finished Spring Data repository scanning in 226 ms. Found 10 JPA repository interfaces.
2023-09-02T20:37:32.277+06:00  INFO 2676 --- [           main] o.hibernate.jpa.internal.util.LogHelper  : HHH000204: Processing PersistenceUnitInfo [name: default]
2023-09-02T20:37:32.495+06:00  INFO 2676 --- [           main] org.hibernate.Version                    : HHH000412: Hibernate ORM core version 6.2.6.Final
2023-09-02T20:37:32.505+06:00  INFO 2676 --- [           main] org.hibernate.cfg.Environment            : HHH000406: Using bytecode reflection optimizer
2023-09-02T20:37:33.134+06:00  INFO 2676 --- [           main] o.h.b.i.BytecodeProviderInitiator        : HHH000021: Bytecode provider name : bytebuddy
2023-09-02T20:37:33.539+06:00  INFO 2676 --- [           main] o.s.o.j.p.SpringPersistenceUnitInfo      : No LoadTimeWeaver setup: ignoring JPA class transformer
2023-09-02T20:37:33.591+06:00  INFO 2676 --- [           main] com.zaxxer.hikari.HikariDataSource       : HikariPool-1 - Starting...
2023-09-02T20:37:34.444+06:00  INFO 2676 --- [           main] com.zaxxer.hikari.pool.HikariPool        : HikariPool-1 - Added connection com.mysql.cj.jdbc.ConnectionImpl@44abdb1f
2023-09-02T20:37:34.452+06:00  INFO 2676 --- [           main] com.zaxxer.hikari.HikariDataSource       : HikariPool-1 - Start completed.
2023-09-02T20:37:34.620+06:00  WARN 2676 --- [           main] org.hibernate.orm.deprecation            : HHH90000026: MySQL8Dialect has been deprecated; use org.hibernate.dialect.MySQLDialect instead
2023-09-02T20:37:35.645+06:00  INFO 2676 --- [           main] o.h.b.i.BytecodeProviderInitiator        : HHH000021: Bytecode provider name : bytebuddy
2023-09-02T20:37:37.832+06:00  INFO 2676 --- [           main] o.h.e.t.j.p.i.JtaPlatformInitiator       : HHH000490: Using JtaPlatform implementation: [org.hibernate.engine.transaction.jta.platform.internal.NoJtaPlatform]
Hibernate: 
    alter table crop 
       modify column title  TEXT not null
Hibernate: 
    alter table disease 
       modify column description  TEXT not null
Hibernate: 
    alter table disease 
       modify column title  TEXT not null
Hibernate: 
    alter table payment_info 
       modify column expiry_date  datetime(6)
Hibernate: 
    alter table search_count 
       modify column last_reset_date  datetime(6)
Hibernate: 
    alter table subscription_amount 
       modify column amount  float(53)
Hibernate: 
    alter table user_review 
       modify column description  TEXT not null
Hibernate: 
    alter table user_review 
       modify column review_date_time  datetime(6)
Hibernate: 
    alter table crop 
       drop index title_unique
Hibernate: 
    alter table crop 
       add constraint title_unique unique (title)
2023-09-02T20:37:38.281+06:00  INFO 2676 --- [           main] j.LocalContainerEntityManagerFactoryBean : Initialized JPA EntityManagerFactory for persistence unit 'default'
2023-09-02T20:37:39.196+06:00  INFO 2676 --- [           main] o.s.d.j.r.query.QueryEnhancerFactory     : Hibernate is in classpath; If applicable, HQL parser will be used.
Hibernate: 
    select
        s1_0.id,
        s1_0.amount 
    from
        subscription_amount s1_0 
    where
        s1_0.id=?
2023-09-02T20:37:42.180+06:00  WARN 2676 --- [           main] JpaBaseConfiguration$JpaWebConfiguration : spring.jpa.open-in-view is enabled by default. Therefore, database queries may be performed during view rendering. Explicitly configure spring.jpa.open-in-view to disable this warning
2023-09-02T20:37:42.492+06:00  INFO 2676 --- [           main] o.s.s.web.DefaultSecurityFilterChain     : Will secure any request with [org.springframework.security.web.session.DisableEncodeUrlFilter@4d92e9da, org.springframework.security.web.context.request.async.WebAsyncManagerIntegrationFilter@1baef878, org.springframework.security.web.context.SecurityContextHolderFilter@222e9ace, org.springframework.security.web.header.HeaderWriterFilter@611c1f92, org.springframework.security.web.authentication.logout.LogoutFilter@48b1f8f5, com.javafest.aifarming.filter.JwtAuthFilter@51f412e6, org.springframework.security.web.savedrequest.RequestCacheAwareFilter@1ef8cf89, org.springframework.security.web.servletapi.SecurityContextHolderAwareRequestFilter@4bb05a4e, org.springframework.security.web.authentication.AnonymousAuthenticationFilter@6208f81c, org.springframework.security.web.session.SessionManagementFilter@75daa568, org.springframework.security.web.access.ExceptionTranslationFilter@56a3da69, org.springframework.security.web.access.intercept.AuthorizationFilter@3d7d72f2]
2023-09-02T20:37:43.711+06:00  INFO 2676 --- [           main] c.j.aifarming.AifarmingApplicationTests  : Started AifarmingApplicationTests in 15.825 seconds (process running for 18.444)
]]></system-out>
  </testcase>
</testsuite>